Arguments: 
  C:\Program Files\nodejs\node.exe C:\Users\aspirin\AppData\Roaming\npm\node_modules\yarn\bin\yarn.js add @openzepplin/contracts

PATH: 
  C:\Program Files (x86)\Common Files\Oracle\Java\javapath;C:\WINDOWS\system32;C:\WINDOWS;C:\WINDOWS\System32\Wbem;C:\WINDOWS\System32\WindowsPowerShell\v1.0\;C:\WINDOWS\System32\OpenSSH\;C:\Program Files\Redis\;C:\Program Files\nodejs\;C:\Program Files\Git\cmd;C:\Users\aspirin\.cargo\bin;C:\Users\aspirin\AppData\Local\Programs\Python\Python39-32\Scripts\;C:\Users\aspirin\AppData\Local\Programs\Python\Python39-32\;C:\Users\aspirin\AppData\Local\Microsoft\WindowsApps;C:\Users\aspirin\AppData\Local\Programs\Microsoft VS Code\bin;C:\Users\aspirin\AppData\Local\GitHubDesktop\bin;C:\Users\aspirin\AppData\Local\Programs\Git\cmd;c:\users\aspirin\appdata\roaming\python\python39\scripts;c:\users\aspirin\.local\bin;C:\Users\aspirin\AppData\Roaming\npm;C:\msys64\mingw64\bin;C:\Users\aspirin\AppData\Local\Programs\Git LFS;C:\Users\aspirin\AppData\Local\Programs\Git LFS;C:\ProgramData\aspirin\GitHubDesktop\bin

Yarn version: 
  1.22.17

Node version: 
  16.13.1

Platform: 
  win32 x64

Trace: 
  Error: https://registry.yarnpkg.com/@openzepplin%2fcontracts: Not found
      at Request.params.callback [as _callback] (C:\Users\aspirin\AppData\Roaming\npm\node_modules\yarn\lib\cli.js:67029:18)
      at Request.self.callback (C:\Users\aspirin\AppData\Roaming\npm\node_modules\yarn\lib\cli.js:140883:22)
      at Request.emit (node:events:390:28)
      at Request.<anonymous> (C:\Users\aspirin\AppData\Roaming\npm\node_modules\yarn\lib\cli.js:141855:10)
      at Request.emit (node:events:390:28)
      at IncomingMessage.<anonymous> (C:\Users\aspirin\AppData\Roaming\npm\node_modules\yarn\lib\cli.js:141777:12)
      at Object.onceWrapper (node:events:509:28)
      at IncomingMessage.emit (node:events:402:35)
      at endReadableNT (node:internal/streams/readable:1343:12)
      at processTicksAndRejections (node:internal/process/task_queues:83:21)

npm manifest: 
  {
    "name": "hardhat-project"
  }

yarn manifest: 
  No manifest

Lockfile: 
  # THIS IS AN AUTOGENERATED FILE. DO NOT EDIT THIS FILE DIRECTLY.
  # yarn lockfile v1
